This file contains any messages produced by compilers while
running configure, to aid debugging if configure makes a mistake.

It was created by orocos configure 0.11.0-cvs, which was
generated by GNU Autoconf 2.57.  Invocation command line was

  $ ./configure 

## --------- ##
## Platform. ##
## --------- ##

hostname = c098
uname -m = i686
uname -r = 2.4.19
uname -s = Linux
uname -v = #8 Wed Jan 29 12:45:41 CET 2003

/usr/bin/uname -p = unknown
/bin/uname -X     = unknown

/bin/arch              = i686
/usr/bin/arch -k       = unknown
/usr/convex/getsysinfo = unknown
hostinfo               = unknown
/bin/machine           = unknown
/usr/bin/oslevel       = unknown
/bin/universe          = unknown

PATH: /bin
PATH: /usr/bin
PATH: /usr/X11R6/bin
PATH: /usr/local/bin


## ----------- ##
## Core tests. ##
## ----------- ##

configure:1360: checking for a BSD-compatible install
configure:1414: result: /usr/bin/install -c
configure:1425: checking whether build environment is sane
configure:1468: result: yes
configure:1501: checking for gawk
configure:1530: result: no
configure:1501: checking for mawk
configure:1517: found /usr/bin/mawk
configure:1527: result: mawk
configure:1537: checking whether make sets $(MAKE)
configure:1557: result: yes
configure:1783: checking for g++
configure:1799: found /usr/bin/g++
configure:1809: result: g++
configure:1825: checking for C++ compiler version
configure:1828: g++ --version </dev/null >&5
g++ (GCC) 3.3 (Debian)
Copyright (C) 2003 Free Software Foundation, Inc.
This is free software; see the source for copying conditions.  There is NO
warranty; not even for MERCHANTABILITY or FITNESS FOR A PARTICULAR PURPOSE.

configure:1831: $? = 0
configure:1833: g++ -v </dev/null >&5
Reading specs from /usr/lib/gcc-lib/i386-linux/3.3/specs
Configured with: ../src/configure -v --enable-languages=c,c++,java,f77,pascal,objc,ada,treelang --prefix=/usr --mandir=/usr/share/man --infodir=/usr/share/info --with-gxx-include-dir=/usr/include/c++/3.3 --enable-shared --with-system-zlib --enable-nls --without-included-gettext --enable-__cxa_atexit --enable-clocale=gnu --enable-debug --enable-java-gc=boehm --enable-java-awt=xlib --enable-objc-gc i386-linux
Thread model: posix
gcc version 3.3 (Debian)
configure:1836: $? = 0
configure:1838: g++ -V </dev/null >&5
g++: `-V' option must have argument
configure:1841: $? = 1
configure:1865: checking for C++ compiler default output
configure:1868: g++    conftest.cc  >&5
configure:1871: $? = 0
configure:1917: result: a.out
configure:1922: checking whether the C++ compiler works
configure:1928: ./a.out
configure:1931: $? = 0
configure:1948: result: yes
configure:1955: checking whether we are cross compiling
configure:1957: result: no
configure:1960: checking for suffix of executables
configure:1962: g++ -o conftest    conftest.cc  >&5
configure:1965: $? = 0
configure:1990: result: 
configure:1996: checking for suffix of object files
configure:2018: g++ -c   conftest.cc >&5
configure:2021: $? = 0
configure:2043: result: o
configure:2047: checking whether we are using the GNU C++ compiler
configure:2072: g++ -c   conftest.cc >&5
configure:2075: $? = 0
configure:2078: test -s conftest.o
configure:2081: $? = 0
configure:2094: result: yes
configure:2100: checking whether g++ accepts -g
configure:2122: g++ -c -g  conftest.cc >&5
configure:2125: $? = 0
configure:2128: test -s conftest.o
configure:2131: $? = 0
configure:2142: result: yes
configure:2186: g++ -c -g -O2  conftest.cc >&5
configure:2189: $? = 0
configure:2192: test -s conftest.o
configure:2195: $? = 0
configure:2222: g++ -c -g -O2  conftest.cc >&5
configure: In function `int main()':
configure:2219: error: `exit' undeclared (first use this function)
configure:2219: error: (Each undeclared identifier is reported only once for 
   each function it appears in.)
configure:2225: $? = 1
configure: failed program was:
| #line 2205 "configure"
| /* confdefs.h.  */
| 
| #define PACKAGE_NAME "orocos"
| #define PACKAGE_TARNAME "orocos"
| #define PACKAGE_VERSION "0.11.0-cvs"
| #define PACKAGE_STRING "orocos 0.11.0-cvs"
| #define PACKAGE_BUGREPORT ""
| #define PACKAGE "orocos"
| #define VERSION "0.11.0-cvs"
| /* end confdefs.h.  */
| 
| int
| main ()
| {
| exit (42);
|   ;
|   return 0;
| }
configure:2186: g++ -c -g -O2  conftest.cc >&5
configure:2189: $? = 0
configure:2192: test -s conftest.o
configure:2195: $? = 0
configure:2222: g++ -c -g -O2  conftest.cc >&5
configure:2225: $? = 0
configure:2228: test -s conftest.o
configure:2231: $? = 0
configure:2264: checking for style of include used by make
configure:2292: result: GNU
configure:2320: checking dependency style of g++
configure:2388: result: none
configure:2451: checking for gcc
configure:2467: found /usr/bin/gcc
configure:2477: result: gcc
configure:2721: checking for C compiler version
configure:2724: gcc --version </dev/null >&5
gcc (GCC) 3.3 (Debian)
Copyright (C) 2003 Free Software Foundation, Inc.
This is free software; see the source for copying conditions.  There is NO
warranty; not even for MERCHANTABILITY or FITNESS FOR A PARTICULAR PURPOSE.

configure:2727: $? = 0
configure:2729: gcc -v </dev/null >&5
Reading specs from /usr/lib/gcc-lib/i386-linux/3.3/specs
Configured with: ../src/configure -v --enable-languages=c,c++,java,f77,pascal,objc,ada,treelang --prefix=/usr --mandir=/usr/share/man --infodir=/usr/share/info --with-gxx-include-dir=/usr/include/c++/3.3 --enable-shared --with-system-zlib --enable-nls --without-included-gettext --enable-__cxa_atexit --enable-clocale=gnu --enable-debug --enable-java-gc=boehm --enable-java-awt=xlib --enable-objc-gc i386-linux
Thread model: posix
gcc version 3.3 (Debian)
configure:2732: $? = 0
configure:2734: gcc -V </dev/null >&5
gcc: `-V' option must have argument
configure:2737: $? = 1
configure:2740: checking whether we are using the GNU C compiler
configure:2765: gcc -c   conftest.c >&5
configure:2768: $? = 0
configure:2771: test -s conftest.o
configure:2774: $? = 0
configure:2787: result: yes
configure:2793: checking whether gcc accepts -g
configure:2815: gcc -c -g  conftest.c >&5
configure:2818: $? = 0
configure:2821: test -s conftest.o
configure:2824: $? = 0
configure:2835: result: yes
configure:2852: checking for gcc option to accept ANSI C
configure:2913: gcc  -c -g -O2  conftest.c >&5
configure:2916: $? = 0
configure:2919: test -s conftest.o
configure:2922: $? = 0
configure:2940: result: none needed
configure:2958: gcc -c -g -O2  conftest.c >&5
conftest.c:2: error: parse error before "me"
configure:2961: $? = 1
configure: failed program was:
| #ifndef __cplusplus
|   choke me
| #endif
configure:3072: checking dependency style of gcc
configure:3140: result: none
configure:3165: checking for gawk
configure:3191: result: mawk
configure:3213: checking for a BSD-compatible install
configure:3267: result: /usr/bin/install -c
configure:3319: checking for ranlib
configure:3335: found /usr/bin/ranlib
configure:3346: result: ranlib
configure:3361: checking for colorgcc
configure:3377: found /usr/bin/colorgcc
configure:3388: result: colorgcc
configure:3461: checking for xsltproc
configure:3477: found /usr/bin/xsltproc
configure:3488: result: xsltproc
configure:3515: checking for doxygen
configure:3531: found /usr/bin/doxygen
configure:3542: result: doxygen
configure:3573: checking for dia
configure:3589: found /usr/bin/dia
configure:3600: result: dia
configure:3614: WARNING:
Dia was not found on your system. Using Dia you can generate
figures for the documentation for the Orocos project.

You can download Dia from http://www.lysator.liu.se/~alla/dia/
or if you are using Debian GNU/Linux just use: apt-get install dia
to install Dia.

configure:3625: result: not ok
configure:3634: WARNING:
Dia found on your system is too old. Using Dia you can generate
figures for the documentation for the Orocos project.

You can download Dia from http://www.lysator.liu.se/~alla/dia/
or if you are using Debian GNU/Linux just use: apt-get install dia
to install Dia.

configure:3648: checking for fop
configure:3664: found /usr/bin/fop
configure:3675: result: fop
configure:3707: checking for an ANSI C-conforming const
configure:3775: gcc -c   conftest.c >&5
configure:3778: $? = 0
configure:3781: test -s conftest.o
configure:3784: $? = 0
configure:3795: result: yes
configure:3805: checking for inline
configure:3827: gcc -c   conftest.c >&5
configure:3830: $? = 0
configure:3833: test -s conftest.o
configure:3836: $? = 0
configure:3848: result: inline
configure:3867: checking for GCC library
configure:3871: result: /usr/lib/gcc-lib/i386-linux/3.3
configure:3875: checking for Standard C++ library
configure:3879: result: /usr/lib/gcc-lib/i386-linux/3.3/libstdc++.a
configure:3886: checking which target OS you want to configure for
configure:3952: result: GNU/Linux
configure:4012: checking how to run the C++ preprocessor
configure:4044: g++ -E  conftest.cc
configure:4050: $? = 0
configure:4082: g++ -E  conftest.cc
configure:4086:28: ac_nonexistent.h: No such file or directory
configure:4088: $? = 1
configure: failed program was:
| #line 4073 "configure"
| /* confdefs.h.  */
| 
| #define PACKAGE_NAME "orocos"
| #define PACKAGE_TARNAME "orocos"
| #define PACKAGE_VERSION "0.11.0-cvs"
| #define PACKAGE_STRING "orocos 0.11.0-cvs"
| #define PACKAGE_BUGREPORT ""
| #define PACKAGE "orocos"
| #define VERSION "0.11.0-cvs"
| #ifdef __cplusplus
| #include <stdlib.h>
| #endif
| /* end confdefs.h.  */
| #include <ac_nonexistent.h>
configure:4126: result: g++ -E
configure:4151: g++ -E  conftest.cc
configure:4157: $? = 0
configure:4189: g++ -E  conftest.cc
configure:4193:28: ac_nonexistent.h: No such file or directory
configure:4195: $? = 1
configure: failed program was:
| #line 4180 "configure"
| /* confdefs.h.  */
| 
| #define PACKAGE_NAME "orocos"
| #define PACKAGE_TARNAME "orocos"
| #define PACKAGE_VERSION "0.11.0-cvs"
| #define PACKAGE_STRING "orocos 0.11.0-cvs"
| #define PACKAGE_BUGREPORT ""
| #define PACKAGE "orocos"
| #define VERSION "0.11.0-cvs"
| #ifdef __cplusplus
| #include <stdlib.h>
| #endif
| /* end confdefs.h.  */
| #include <ac_nonexistent.h>
configure:4238: checking for egrep
configure:4248: result: grep -E
configure:4253: checking for ANSI C header files
configure:4279: g++ -c     conftest.cc >&5
configure:4282: $? = 0
configure:4285: test -s conftest.o
configure:4288: $? = 0
configure:4377: g++ -o conftest      conftest.cc  >&5
configure:4380: $? = 0
configure:4382: ./conftest
configure:4385: $? = 0
configure:4400: result: yes
configure:4424: checking for sys/types.h
configure:4441: g++ -c     conftest.cc >&5
configure:4444: $? = 0
configure:4447: test -s conftest.o
configure:4450: $? = 0
configure:4461: result: yes
configure:4424: checking for sys/stat.h
configure:4441: g++ -c     conftest.cc >&5
configure:4444: $? = 0
configure:4447: test -s conftest.o
configure:4450: $? = 0
configure:4461: result: yes
configure:4424: checking for stdlib.h
configure:4441: g++ -c     conftest.cc >&5
configure:4444: $? = 0
configure:4447: test -s conftest.o
configure:4450: $? = 0
configure:4461: result: yes
configure:4424: checking for string.h
configure:4441: g++ -c     conftest.cc >&5
configure:4444: $? = 0
configure:4447: test -s conftest.o
configure:4450: $? = 0
configure:4461: result: yes
configure:4424: checking for memory.h
configure:4441: g++ -c     conftest.cc >&5
configure:4444: $? = 0
configure:4447: test -s conftest.o
configure:4450: $? = 0
configure:4461: result: yes
configure:4424: checking for strings.h
configure:4441: g++ -c     conftest.cc >&5
configure:4444: $? = 0
configure:4447: test -s conftest.o
configure:4450: $? = 0
configure:4461: result: yes
configure:4424: checking for inttypes.h
configure:4441: g++ -c     conftest.cc >&5
configure:4444: $? = 0
configure:4447: test -s conftest.o
configure:4450: $? = 0
configure:4461: result: yes
configure:4424: checking for stdint.h
configure:4441: g++ -c     conftest.cc >&5
configure:4444: $? = 0
configure:4447: test -s conftest.o
configure:4450: $? = 0
configure:4461: result: yes
configure:4424: checking for unistd.h
configure:4441: g++ -c     conftest.cc >&5
configure:4444: $? = 0
configure:4447: test -s conftest.o
configure:4450: $? = 0
configure:4461: result: yes
configure:4487: checking boost/call_traits.hpp usability
configure:4500: g++ -c     conftest.cc >&5
configure:4503: $? = 0
configure:4506: test -s conftest.o
configure:4509: $? = 0
configure:4519: result: yes
configure:4523: checking boost/call_traits.hpp presence
configure:4534: g++ -E  conftest.cc
configure:4540: $? = 0
configure:4559: result: yes
configure:4595: checking for boost/call_traits.hpp
configure:4602: result: yes
configure:4654: error:
    You should not configure and compile in the source tree.
    Instead, do the following :
    mkdir build
    cd build
    ../configure
    make

    For more information on options, use ./configure --help

## ---------------- ##
## Cache variables. ##
## ---------------- ##

ac_cv_c_compiler_gnu=yes
ac_cv_c_const=yes
ac_cv_c_inline=inline
ac_cv_cxx_compiler_gnu=yes
ac_cv_env_CC_set=
ac_cv_env_CC_value=
ac_cv_env_CFLAGS_set=
ac_cv_env_CFLAGS_value=
ac_cv_env_CPPFLAGS_set=
ac_cv_env_CPPFLAGS_value=
ac_cv_env_CXXCPP_set=
ac_cv_env_CXXCPP_value=
ac_cv_env_CXXFLAGS_set=
ac_cv_env_CXXFLAGS_value=
ac_cv_env_CXX_set=
ac_cv_env_CXX_value=
ac_cv_env_LDFLAGS_set=
ac_cv_env_LDFLAGS_value=
ac_cv_env_build_alias_set=
ac_cv_env_build_alias_value=
ac_cv_env_host_alias_set=
ac_cv_env_host_alias_value=
ac_cv_env_target_alias_set=
ac_cv_env_target_alias_value=
ac_cv_exeext=
ac_cv_header_boost_call_traits_hpp=yes
ac_cv_header_inttypes_h=yes
ac_cv_header_memory_h=yes
ac_cv_header_stdc=yes
ac_cv_header_stdint_h=yes
ac_cv_header_stdlib_h=yes
ac_cv_header_string_h=yes
ac_cv_header_strings_h=yes
ac_cv_header_sys_stat_h=yes
ac_cv_header_sys_types_h=yes
ac_cv_header_unistd_h=yes
ac_cv_objext=o
ac_cv_path_install='/usr/bin/install -c'
ac_cv_prog_AWK=mawk
ac_cv_prog_CXXCPP='g++ -E'
ac_cv_prog_DIA=dia
ac_cv_prog_DOXYGEN=doxygen
ac_cv_prog_FOP=fop
ac_cv_prog_ac_ct_CC=gcc
ac_cv_prog_ac_ct_CXX=g++
ac_cv_prog_ac_ct_RANLIB=ranlib
ac_cv_prog_cc_g=yes
ac_cv_prog_cc_stdc=
ac_cv_prog_colorgcc=colorgcc
ac_cv_prog_cxx_g=yes
ac_cv_prog_egrep='grep -E'
ac_cv_prog_make_make_set=yes
ac_cv_prog_xml=xsltproc
am_cv_CC_dependencies_compiler_type=none
am_cv_CXX_dependencies_compiler_type=none

## ----------------- ##
## Output variables. ##
## ----------------- ##

ACLOCAL='${SHELL} /usr/local/home/psoetens/src/orocos-v1/orocos-pkg.new/config/missing --run aclocal-1.7'
AMDEPBACKSLASH='\'
AMDEP_FALSE='#'
AMDEP_TRUE=''
AMTAR='${SHELL} /usr/local/home/psoetens/src/orocos-v1/orocos-pkg.new/config/missing --run tar'
AM_CFLAGS=''
AM_CPPFLAGS=''
AM_CXXFLAGS=''
AUTOCONF='${SHELL} /usr/local/home/psoetens/src/orocos-v1/orocos-pkg.new/config/missing --run autoconf'
AUTOHEADER='${SHELL} /usr/local/home/psoetens/src/orocos-v1/orocos-pkg.new/config/missing --run autoheader'
AUTOMAKE='${SHELL} /usr/local/home/psoetens/src/orocos-v1/orocos-pkg.new/config/missing --run automake-1.7'
AWK='mawk'
CC='gcc'
CCDEPMODE='depmode=none'
CFLAGS=''
CPPFLAGS=''
CXX='g++'
CXXCPP='g++ -E'
CXXDEPMODE='depmode=none'
CXXFLAGS='  '
CYGPATH_W='echo'
DATE='20030829_1110'
DEFS=''
DEPDIR='.deps'
DIA='dia'
DOXYGEN='doxygen'
ECHO_C=''
ECHO_N='-n'
ECHO_T=''
ECOS_TARGET='gnulinux'
EGREP='grep -E'
EXEEXT=''
FOP='fop'
GCCLIB='/usr/lib/gcc-lib/i386-linux/3.3'
HAVE_XMLPROCESSOR_FALSE='#'
HAVE_XMLPROCESSOR_TRUE=''
INSTALL_DATA='${INSTALL} -m 644'
INSTALL_PROGRAM='${INSTALL}'
INSTALL_SCRIPT='${INSTALL}'
INSTALL_STRIP_PROGRAM='${SHELL} $(install_sh) -c -s'
LDFLAGS=''
LIBOBJS=''
LIBS=''
LTLIBOBJS=''
MAJOR_VERSION='0'
MAKEINFO='${SHELL} /usr/local/home/psoetens/src/orocos-v1/orocos-pkg.new/config/missing --run makeinfo'
MICRO_VERSION='0'
MINOR_VERSION='11'
OBJEXT='o'
PACKAGE='orocos'
PACKAGE_BUGREPORT=''
PACKAGE_NAME='orocos'
PACKAGE_STRING='orocos 0.11.0-cvs'
PACKAGE_TARNAME='orocos'
PACKAGE_VERSION='0.11.0-cvs-20030829_1110'
PATH_SEPARATOR=':'
RANLIB='ranlib'
SET_MAKE=''
SHELL='/bin/sh'
STDCXXLIB='/usr/lib/gcc-lib/i386-linux/3.3/libstdc++.a'
STRIP=''
VERSION='0.11.0-cvs'
XMLPROCESSOR='xsltproc'
ac_ct_CC='gcc'
ac_ct_CXX='g++'
ac_ct_RANLIB='ranlib'
ac_ct_STRIP=''
am__fastdepCC_FALSE=''
am__fastdepCC_TRUE='#'
am__fastdepCXX_FALSE=''
am__fastdepCXX_TRUE='#'
am__include='include'
am__leading_dot='.'
am__quote=''
bindir='${exec_prefix}/bin'
build_alias=''
colorgcc='colorgcc'
datadir='${prefix}/share'
exec_prefix='NONE'
host_alias=''
includedir='${prefix}/include'
infodir='${prefix}/info'
install_sh='/usr/local/home/psoetens/src/orocos-v1/orocos-pkg.new/config/install-sh'
insure=''
libdir='${exec_prefix}/lib'
libexecdir='${exec_prefix}/libexec'
localstatedir='${prefix}/var'
mandir='${prefix}/man'
oldincludedir='/usr/include'
prefix='NONE'
program_transform_name='s,x,x,'
sbindir='${exec_prefix}/sbin'
sharedstatedir='${prefix}/com'
sysconfdir='${prefix}/etc'
target_alias=''
xml='xsltproc'

## ----------- ##
## confdefs.h. ##
## ----------- ##

#define HAVE_BOOST_CALL_TRAITS_HPP 1
#define HAVE_INTTYPES_H 1
#define HAVE_MEMORY_H 1
#define HAVE_STDINT_H 1
#define HAVE_STDLIB_H 1
#define HAVE_STRINGS_H 1
#define HAVE_STRING_H 1
#define HAVE_SYS_STAT_H 1
#define HAVE_SYS_TYPES_H 1
#define HAVE_UNISTD_H 1
#define PACKAGE "orocos"
#define PACKAGE_BUGREPORT ""
#define PACKAGE_NAME "orocos"
#define PACKAGE_STRING "orocos 0.11.0-cvs"
#define PACKAGE_TARNAME "orocos"
#define PACKAGE_VERSION "0.11.0-cvs"
#define STDC_HEADERS 1
#define VERSION "0.11.0-cvs"
#endif
#ifdef __cplusplus
#include <stdlib.h>

configure: exit 1
